#
# There is insufficient memory for the Java Runtime Environment to continue.
# Native memory allocation (malloc) failed to allocate 679536 bytes for Chunk::new
# Possible reasons:
#   The system is out of physical RAM or swap space
#   In 32 bit mode, the process size limit was hit
# Possible solutions:
#   Reduce memory load on the system
#   Increase physical memory or swap space
#   Check if swap backing store is full
#   Use 64 bit Java on a 64 bit OS
#   Decrease Java heap size (-Xmx/-Xms)
#   Decrease number of Java threads
#   Decrease Java thread stack sizes (-Xss)
#   Set larger code cache with -XX:ReservedCodeCacheSize=
# This output file may be truncated or incomplete.
#
#  Out of Memory Error (allocation.cpp:390), pid=12384, tid=0x0000000000001e20
#
# JRE version: OpenJDK Runtime Environment (8.0_152-b01) (build 1.8.0_152-release-1248-b01)
# Java VM: OpenJDK 64-Bit Server VM (25.152-b01 mixed mode windows-amd64 compressed oops)
# Failed to write core dump. Minidumps are not enabled by default on client versions of Windows
#

---------------  T H R E A D  ---------------

Current thread (0x0000000018220000):  JavaThread "C2 CompilerThread1" daemon [_thread_in_native, id=7712, stack(0x0000000018af0000,0x0000000018bf0000)]

Stack: [0x0000000018af0000,0x0000000018bf0000]
[error occurred during error reporting (printing stack bounds), id 0xc0000005]

Native frames: (J=compiled Java code, j=interpreted, Vv=VM code, C=native code)


Current CompileTask:
C2:  20298 2970       4       org.codehaus.groovy.reflection.CachedMethod::compareTo (25 bytes)


---------------  P R O C E S S  ---------------

Java Threads: ( => current thread )
  0x000000001cdf5000 JavaThread "Build operations Thread 8" [_thread_blocked, id=8804, stack(0x0000000020550000,0x0000000020650000)]
  0x000000001cdf7800 JavaThread "Build operations Thread 7" [_thread_blocked, id=6188, stack(0x0000000020450000,0x0000000020550000)]
  0x000000001cdf6800 JavaThread "Build operations Thread 6" [_thread_blocked, id=8572, stack(0x0000000020350000,0x0000000020450000)]
  0x000000001cdf6000 JavaThread "Build operations Thread 5" [_thread_blocked, id=1340, stack(0x0000000020250000,0x0000000020350000)]
  0x000000001cdf8000 JavaThread "Build operations Thread 4" [_thread_blocked, id=12956, stack(0x0000000020150000,0x0000000020250000)]
  0x000000001cdf2000 JavaThread "Build operations Thread 3" [_thread_blocked, id=10584, stack(0x0000000020050000,0x0000000020150000)]
  0x000000001a60b000 JavaThread "Build operations Thread 2" [_thread_blocked, id=10772, stack(0x000000001ff50000,0x0000000020050000)]
  0x000000001a60a000 JavaThread "Build operations" [_thread_blocked, id=8868, stack(0x000000001fe50000,0x000000001ff50000)]
  0x000000001a609800 JavaThread "Cache worker for Artifact transforms cache (C:\Users\ADN\.gradle\caches\transforms-1)" [_thread_blocked, id=2572, stack(0x000000001fb50000,0x000000001fc50000)]
  0x000000001a60c800 JavaThread "Cache worker for cache directory md-rule (C:\Users\ADN\.gradle\caches\4.10.1\md-rule)" [_thread_blocked, id=12540, stack(0x000000001fa50000,0x000000001fb50000)]
  0x000000001a608800 JavaThread "Cache worker for cache directory md-supplier (C:\Users\ADN\.gradle\caches\4.10.1\md-supplier)" [_thread_blocked, id=8828, stack(0x000000001f950000,0x000000001fa50000)]
  0x000000001a60d000 JavaThread "Cache worker for journal cache (C:\Users\ADN\.gradle\caches\journal-1)" [_thread_blocked, id=9564, stack(0x000000001e080000,0x000000001e180000)]
  0x000000001a60b800 JavaThread "Cache worker for file hash cache (C:\Users\ADN\AndroidStudioProjects\ADNJava\.gradle\4.10.1\fileHashes)" [_thread_blocked, id=10776, stack(0x000000001df80000,0x000000001e080000)]
  0x000000001c2e6000 JavaThread "File lock request listener" [_thread_in_native, id=3476, stack(0x000000001de80000,0x000000001df80000)]
  0x000000001ca20800 JavaThread "Cache worker for file hash cache (C:\Users\ADN\.gradle\caches\4.10.1\fileHashes)" [_thread_blocked, id=996, stack(0x000000001dd80000,0x000000001de80000)]
  0x000000001a1ff000 JavaThread "Stdin handler" [_thread_blocked, id=11776, stack(0x000000001b740000,0x000000001b840000)]
  0x000000001a25d800 JavaThread "Asynchronous log dispatcher for DefaultDaemonConnection: socket connection from /127.0.0.1:53527 to /127.0.0.1:53528" [_thread_blocked, id=7416, stack(0x000000001b640000,0x000000001b740000)]
  0x000000001a1fc800 JavaThread "Daemon worker" [_thread_in_native, id=13004, stack(0x000000001b340000,0x000000001b440000)]
  0x000000001a21f000 JavaThread "Cancel handler" [_thread_blocked, id=11572, stack(0x000000001b240000,0x000000001b340000)]
  0x000000001981f800 JavaThread "Handler for socket connection from /127.0.0.1:53527 to /127.0.0.1:53528" [_thread_in_native, id=5488, stack(0x000000001b140000,0x000000001b240000)]
  0x000000001981e800 JavaThread "Daemon" [_thread_blocked, id=1324, stack(0x000000001b040000,0x000000001b140000)]
  0x0000000019110800 JavaThread "Daemon periodic checks" [_thread_blocked, id=5384, stack(0x000000001af40000,0x000000001b040000)]
  0x000000001910f000 JavaThread "Incoming local TCP Connector on port 53527" [_thread_in_native, id=684, stack(0x000000001ad00000,0x000000001ae00000)]
  0x00000000182bd000 JavaThread "Service Thread" daemon [_thread_blocked, id=7432, stack(0x0000000018df0000,0x0000000018ef0000)]
  0x0000000018229000 JavaThread "C1 CompilerThread3" daemon [_thread_blocked, id=10648, stack(0x0000000018cf0000,0x0000000018df0000)]
  0x0000000018223800 JavaThread "C2 CompilerThread2" daemon [_thread_blocked, id=12712, stack(0x0000000018bf0000,0x0000000018cf0000)]
=>0x0000000018220000 JavaThread "C2 CompilerThread1" daemon [_thread_in_native, id=7712, stack(0x0000000018af0000,0x0000000018bf0000)]
  0x000000001821d000 JavaThread "C2 CompilerThread0" daemon [_thread_blocked, id=9040, stack(0x00000000189f0000,0x0000000018af0000)]
  0x000000001821c000 JavaThread "Attach Listener" daemon [_thread_blocked, id=12884, stack(0x00000000188f0000,0x00000000189f0000)]
  0x000000001821a800 JavaThread "Signal Dispatcher" daemon [_thread_blocked, id=7308, stack(0x00000000187f0000,0x00000000188f0000)]
  0x0000000018210800 JavaThread "Finalizer" daemon [_thread_blocked, id=5900, stack(0x00000000185f0000,0x00000000186f0000)]
  0x0000000002564000 JavaThread "Reference Handler" daemon [_thread_blocked, id=4476, stack(0x00000000180f0000,0x00000000181f0000)]
  0x00000000022cd800 JavaThread "main" [_thread_blocked, id=3648, stack(0x0000000002370000,0x0000000002470000)]

Other Threads:
  0x0000000016326800 VMThread [stack: 0x0000000017ff0000,0x00000000180f0000] [id=10252]
  0x00000000182be000 WatcherThread [stack: 0x0000000018ef0000,0x0000000018ff0000] [id=10084]

VM state:not at safepoint (normal execution)

VM Mutex/Monitor currently owned by a thread: None

Heap:
 PSYoungGen      total 37376K, used 11346K [0x00000000e0000000, 0x00000000e3200000, 0x0000000100000000)
  eden space 30720K, 15% used [0x00000000e0000000,0x00000000e04c9c58,0x00000000e1e00000)
  from space 6656K, 96% used [0x00000000e1e80000,0x00000000e24cac60,0x00000000e2500000)
  to   space 10240K, 0% used [0x00000000e2800000,0x00000000e2800000,0x00000000e3200000)
 ParOldGen       total 47616K, used 9341K [0x00000000a0000000, 0x00000000a2e80000, 0x00000000e0000000)
  object space 47616K, 19% used [0x00000000a0000000,0x00000000a091f630,0x00000000a2e80000)
 Metaspace       used 30777K, capacity 31196K, committed 31408K, reserved 1077248K
  class space    used 4282K, capacity 4455K, committed 4528K, reserved 1048576K

Card table byte_map: [0x0000000011930000,0x0000000011c40000] byte_map_base: 0x0000000011430000

Marking Bits: (ParMarkBitMap*) 0x0000000055b45aa0
 Begin Bits: [0x0000000012640000, 0x0000000013e40000)
 End Bits:   [0x0000000013e40000, 0x0000000015640000)

Polling page: 0x00000000005e0000

CodeCache: size=245760Kb used=9518Kb max_used=9538Kb free=236241Kb
 bounds [0x0000000002570000, 0x0000000002ed0000, 0x0000000011570000]
 total_blobs=3423 nmethods=2744 adapters=592
 compilation: enabled

Compilation events (10 events):
Event: 20.176 Thread 0x0000000018229000 2969       3       org.codehaus.groovy.util.SingleKeyHashMap::<init> (5 bytes)
Event: 20.176 Thread 0x0000000018229000 nmethod 2969 0x0000000002eb6490 code [0x0000000002eb6600, 0x0000000002eb6990]
Event: 20.194 Thread 0x0000000018223800 nmethod 2966 0x0000000002ebde50 code [0x0000000002ebe100, 0x0000000002ec0050]
Event: 20.206 Thread 0x0000000018220000 2970       4       org.codehaus.groovy.reflection.CachedMethod::compareTo (25 bytes)
Event: 20.206 Thread 0x0000000018229000 2971       3       java.util.ComparableTimSort::binarySort (223 bytes)
Event: 20.206 Thread 0x000000001821d000 2972       4       org.codehaus.groovy.reflection.CachedMethod::compareToCachedMethod (160 bytes)
Event: 20.207 Thread 0x0000000018229000 nmethod 2971 0x0000000002ebcd10 code [0x0000000002ebcf00, 0x0000000002ebd9d8]
Event: 20.207 Thread 0x0000000018229000 2973       3       java.util.ArrayList::addAll (54 bytes)
Event: 20.208 Thread 0x0000000018229000 nmethod 2973 0x0000000002eb5a10 code [0x0000000002eb5bc0, 0x0000000002eb6228]
Event: 20.237 Thread 0x000000001821d000 nmethod 2972 0x0000000002ec6e10 code [0x0000000002ec7120, 0x0000000002ec95d0]

GC Heap History (10 events):
Event: 9.109 GC heap before
{Heap before GC invocations=6 (full 1):
 PSYoungGen      total 37888K, used 5108K [0x00000000e0000000, 0x00000000e3600000, 0x0000000100000000)
  eden space 32768K, 0% used [0x00000000e0000000,0x00000000e0000000,0x00000000e2000000)
  from space 5120K, 99% used [0x00000000e2080000,0x00000000e257d040,0x00000000e2580000)
  to   space 11264K, 0% used [0x00000000e2b00000,0x00000000e2b00000,0x00000000e3600000)
 ParOldGen       total 87552K, used 9543K [0x00000000a0000000, 0x00000000a5580000, 0x00000000e0000000)
  object space 87552K, 10% used [0x00000000a0000000,0x00000000a0951c80,0x00000000a5580000)
 Metaspace       used 20885K, capacity 21270K, committed 21296K, reserved 1067008K
  class space    used 2936K, capacity 3117K, committed 3120K, reserved 1048576K
Event: 9.152 GC heap after
Heap after GC invocations=6 (full 1):
 PSYoungGen      total 37888K, used 0K [0x00000000e0000000, 0x00000000e3600000, 0x0000000100000000)
  eden space 32768K, 0% used [0x00000000e0000000,0x00000000e0000000,0x00000000e2000000)
  from space 5120K, 0% used [0x00000000e2080000,0x00000000e2080000,0x00000000e2580000)
  to   space 11264K, 0% used [0x00000000e2b00000,0x00000000e2b00000,0x00000000e3600000)
 ParOldGen       total 47616K, used 9309K [0x00000000a0000000, 0x00000000a2e80000, 0x00000000e0000000)
  object space 47616K, 19% used [0x00000000a0000000,0x00000000a0917630,0x00000000a2e80000)
 Metaspace       used 20885K, capacity 21270K, committed 21296K, reserved 1067008K
  class space    used 2936K, capacity 3117K, committed 3120K, reserved 1048576K
}
Event: 11.036 GC heap before
{Heap before GC invocations=7 (full 1):
 PSYoungGen      total 37888K, used 32768K [0x00000000e0000000, 0x00000000e3600000, 0x0000000100000000)
  eden space 32768K, 100% used [0x00000000e0000000,0x00000000e2000000,0x00000000e2000000)
  from space 5120K, 0% used [0x00000000e2080000,0x00000000e2080000,0x00000000e2580000)
  to   space 11264K, 0% used [0x00000000e2b00000,0x00000000e2b00000,0x00000000e3600000)
 ParOldGen       total 47616K, used 9309K [0x00000000a0000000, 0x00000000a2e80000, 0x00000000e0000000)
  object space 47616K, 19% used [0x00000000a0000000,0x00000000a0917630,0x00000000a2e80000)
 Metaspace       used 24609K, capacity 25024K, committed 25136K, reserved 1071104K
  class space    used 3384K, capacity 3573K, committed 3632K, reserved 1048576K
Event: 11.039 GC heap after
Heap after GC invocations=7 (full 1):
 PSYoungGen      total 43008K, used 3967K [0x00000000e0000000, 0x00000000e3580000, 0x0000000100000000)
  eden space 32256K, 0% used [0x00000000e0000000,0x00000000e0000000,0x00000000e1f80000)
  from space 10752K, 36% used [0x00000000e2b00000,0x00000000e2edfe08,0x00000000e3580000)
  to   space 11264K, 0% used [0x00000000e1f80000,0x00000000e1f80000,0x00000000e2a80000)
 ParOldGen       total 47616K, used 9317K [0x00000000a0000000, 0x00000000a2e80000, 0x00000000e0000000)
  object space 47616K, 19% used [0x00000000a0000000,0x00000000a0919630,0x00000000a2e80000)
 Metaspace       used 24609K, capacity 25024K, committed 25136K, reserved 1071104K
  class space    used 3384K, capacity 3573K, committed 3632K, reserved 1048576K
}
Event: 12.798 GC heap before
{Heap before GC invocations=8 (full 1):
 PSYoungGen      total 43008K, used 36223K [0x00000000e0000000, 0x00000000e3580000, 0x0000000100000000)
  eden space 32256K, 100% used [0x00000000e0000000,0x00000000e1f80000,0x00000000e1f80000)
  from space 10752K, 36% used [0x00000000e2b00000,0x00000000e2edfe08,0x00000000e3580000)
  to   space 11264K, 0% used [0x00000000e1f80000,0x00000000e1f80000,0x00000000e2a80000)
 ParOldGen       total 47616K, used 9317K [0x00000000a0000000, 0x00000000a2e80000, 0x00000000e0000000)
  object space 47616K, 19% used [0x00000000a0000000,0x00000000a0919630,0x00000000a2e80000)
 Metaspace       used 27155K, capacity 27556K, committed 27824K, reserved 1073152K
  class space    used 3724K, capacity 3904K, committed 4016K, reserved 1048576K
Event: 12.801 GC heap after
Heap after GC invocations=8 (full 1):
 PSYoungGen      total 36864K, used 5031K [0x00000000e0000000, 0x00000000e3400000, 0x0000000100000000)
  eden space 31744K, 0% used [0x00000000e0000000,0x00000000e0000000,0x00000000e1f00000)
  from space 5120K, 98% used [0x00000000e1f80000,0x00000000e2469f88,0x00000000e2480000)
  to   space 10752K, 0% used [0x00000000e2980000,0x00000000e2980000,0x00000000e3400000)
 ParOldGen       total 47616K, used 9325K [0x00000000a0000000, 0x00000000a2e80000, 0x00000000e0000000)
  object space 47616K, 19% used [0x00000000a0000000,0x00000000a091b630,0x00000000a2e80000)
 Metaspace       used 27155K, capacity 27556K, committed 27824K, reserved 1073152K
  class space    used 3724K, capacity 3904K, committed 4016K, reserved 1048576K
}
Event: 14.406 GC heap before
{Heap before GC invocations=9 (full 1):
 PSYoungGen      total 36864K, used 36775K [0x00000000e0000000, 0x00000000e3400000, 0x0000000100000000)
  eden space 31744K, 100% used [0x00000000e0000000,0x00000000e1f00000,0x00000000e1f00000)
  from space 5120K, 98% used [0x00000000e1f80000,0x00000000e2469f88,0x00000000e2480000)
  to   space 10752K, 0% used [0x00000000e2980000,0x00000000e2980000,0x00000000e3400000)
 ParOldGen       total 47616K, used 9325K [0x00000000a0000000, 0x00000000a2e80000, 0x00000000e0000000)
  object space 47616K, 19% used [0x00000000a0000000,0x00000000a091b630,0x00000000a2e80000)
 Metaspace       used 28981K, capacity 29424K, committed 29616K, reserved 1075200K
  class space    used 4034K, capacity 4227K, committed 4272K, reserved 1048576K
Event: 14.410 GC heap after
Heap after GC invocations=9 (full 1):
 PSYoungGen      total 40448K, used 6035K [0x00000000e0000000, 0x00000000e3280000, 0x0000000100000000)
  eden space 31232K, 0% used [0x00000000e0000000,0x00000000e0000000,0x00000000e1e80000)
  from space 9216K, 65% used [0x00000000e2980000,0x00000000e2f64e20,0x00000000e3280000)
  to   space 10240K, 0% used [0x00000000e1e80000,0x00000000e1e80000,0x00000000e2880000)
 ParOldGen       total 47616K, used 9333K [0x00000000a0000000, 0x00000000a2e80000, 0x00000000e0000000)
  object space 47616K, 19% used [0x00000000a0000000,0x00000000a091d630,0x00000000a2e80000)
 Metaspace       used 28981K, capacity 29424K, committed 29616K, reserved 1075200K
  class space    used 4034K, capacity 4227K, committed 4272K, reserved 1048576K
}
Event: 19.877 GC heap before
{Heap before GC invocations=10 (full 1):
 PSYoungGen      total 40448K, used 37267K [0x00000000e0000000, 0x00000000e3280000, 0x0000000100000000)
  eden space 31232K, 100% used [0x00000000e0000000,0x00000000e1e80000,0x00000000e1e80000)
  from space 9216K, 65% used [0x00000000e2980000,0x00000000e2f64e20,0x00000000e3280000)
  to   space 10240K, 0% used [0x00000000e1e80000,0x00000000e1e80000,0x00000000e2880000)
 ParOldGen       total 47616K, used 9333K [0x00000000a0000000, 0x00000000a2e80000, 0x00000000e0000000)
  object space 47616K, 19% used [0x00000000a0000000,0x00000000a091d630,0x00000000a2e80000)
 Metaspace       used 30522K, capacity 30960K, committed 31152K, reserved 1075200K
  class space    used 4244K, capacity 4419K, committed 4528K, reserved 1048576K
Event: 19.881 GC heap after
Heap after GC invocations=10 (full 1):
 PSYoungGen      total 37376K, used 6443K [0x00000000e0000000, 0x00000000e3200000, 0x0000000100000000)
  eden space 30720K, 0% used [0x00000000e0000000,0x00000000e0000000,0x00000000e1e00000)
  from space 6656K, 96% used [0x00000000e1e80000,0x00000000e24cac60,0x00000000e2500000)
  to   space 10240K, 0% used [0x00000000e2800000,0x00000000e2800000,0x00000000e3200000)
 ParOldGen       total 47616K, used 9341K [0x00000000a0000000, 0x00000000a2e80000, 0x00000000e0000000)
  object space 47616K, 19% used [0x00000000a0000000,0x00000000a091f630,0x00000000a2e80000)
 Metaspace       used 30522K, capacity 30960K, committed 31152K, reserved 1075200K
  class space    used 4244K, capacity 4419K, committed 4528K, reserved 1048576K
}

Deoptimization events (10 events):
Event: 14.254 Thread 0x000000001a1fc800 Uncommon trap: reason=range_check action=make_not_entrant pc=0x0000000002d64214 method=java.lang.String.charAt(I)C @ 27
Event: 17.592 Thread 0x000000001a1fc800 Uncommon trap: reason=unstable_if action=reinterpret pc=0x0000000002dbf0c0 method=java.util.concurrent.ConcurrentHashMap.get(Ljava/lang/Object;)Ljava/lang/Object; @ 152
Event: 17.592 Thread 0x000000001a1fc800 Uncommon trap: reason=class_check action=maybe_recompile pc=0x0000000002a79720 method=java.util.concurrent.ConcurrentHashMap.putVal(Ljava/lang/Object;Ljava/lang/Object;Z)Ljava/lang/Object; @ 192
Event: 17.692 Thread 0x000000001a1fc800 Uncommon trap: reason=class_check action=maybe_recompile pc=0x0000000002a79720 method=java.util.concurrent.ConcurrentHashMap.putVal(Ljava/lang/Object;Ljava/lang/Object;Z)Ljava/lang/Object; @ 192
Event: 17.700 Thread 0x000000001a1fc800 Uncommon trap: reason=class_check action=maybe_recompile pc=0x0000000002a79720 method=java.util.concurrent.ConcurrentHashMap.putVal(Ljava/lang/Object;Ljava/lang/Object;Z)Ljava/lang/Object; @ 192
Event: 17.990 Thread 0x000000001cdf7800 Uncommon trap: reason=unstable_if action=reinterpret pc=0x0000000002a79594 method=java.util.concurrent.ConcurrentHashMap.addCount(JI)V @ 34
Event: 17.990 Thread 0x000000001cdf5000 Uncommon trap: reason=unstable_if action=reinterpret pc=0x0000000002a79594 method=java.util.concurrent.ConcurrentHashMap.addCount(JI)V @ 34
Event: 17.990 Thread 0x000000001cdf6800 Uncommon trap: reason=unstable_if action=reinterpret pc=0x0000000002a79594 method=java.util.concurrent.ConcurrentHashMap.addCount(JI)V @ 34
Event: 18.041 Thread 0x000000001cdf7800 Uncommon trap: reason=unstable_if action=reinterpret pc=0x00000000029cbe38 method=java.util.concurrent.ConcurrentHashMap.addCount(JI)V @ 7
Event: 18.041 Thread 0x000000001cdf5000 Uncommon trap: reason=unstable_if action=reinterpret pc=0x00000000029cbe38 method=java.util.concurrent.ConcurrentHashMap.addCount(JI)V @ 7

Classes redefined (0 events):
No events

Internal exceptions (10 events):
Event: 12.721 Thread 0x000000001a1fc800 Exception <a 'java/lang/ClassNotFoundException': org/gradle/api/internal/DefaultNamedDomainObjectListCustomizer> (0x00000000e1bf5f30) thrown at [D:\src\AOSP-openjdk-cygwin\jdk8u\hotspot\src\share\vm\classfile\systemDictionary.cpp, line 210]
Event: 12.723 Thread 0x000000001a1fc800 Exception <a 'java/lang/ClassNotFoundException': org/gradle/api/internal/artifacts/DefaultArtifactRepositoryContainerCustomizer> (0x00000000e1c69d08) thrown at [D:\src\AOSP-openjdk-cygwin\jdk8u\hotspot\src\share\vm\classfile\systemDictionary.cpp, line 210
Event: 12.724 Thread 0x000000001a1fc800 Exception <a 'java/lang/ClassNotFoundException': org/gradle/api/internal/artifacts/dsl/DefaultRepositoryHandlerCustomizer> (0x00000000e1ccfe40) thrown at [D:\src\AOSP-openjdk-cygwin\jdk8u\hotspot\src\share\vm\classfile\systemDictionary.cpp, line 210]
Event: 12.725 Thread 0x000000001a1fc800 Exception <a 'java/lang/ClassNotFoundException': org/gradle/api/internal/artifacts/dsl/DefaultRepositoryHandler_DecoratedCustomizer> (0x00000000e1d3f328) thrown at [D:\src\AOSP-openjdk-cygwin\jdk8u\hotspot\src\share\vm\classfile\systemDictionary.cpp, line
Event: 14.248 Thread 0x000000001a1fc800 Exception <a 'java/lang/ClassNotFoundException': org/gradle/api/internal/artifacts/dsl/dependencies/DefaultDependencyHandler_DecoratedBeanInfo> (0x00000000e1777b78) thrown at [D:\src\AOSP-openjdk-cygwin\jdk8u\hotspot\src\share\vm\classfile\systemDictionar
Event: 14.249 Thread 0x000000001a1fc800 Exception <a 'java/lang/ClassNotFoundException': org/gradle/api/internal/artifacts/dsl/dependencies/DefaultDependencyHandlerBeanInfo> (0x00000000e17c9ee0) thrown at [D:\src\AOSP-openjdk-cygwin\jdk8u\hotspot\src\share\vm\classfile\systemDictionary.cpp, lin
Event: 14.249 Thread 0x000000001a1fc800 Exception <a 'java/lang/ClassNotFoundException': org/gradle/api/internal/artifacts/dsl/dependencies/DefaultDependencyHandlerCustomizer> (0x00000000e181d288) thrown at [D:\src\AOSP-openjdk-cygwin\jdk8u\hotspot\src\share\vm\classfile\systemDictionary.cpp, l
Event: 14.251 Thread 0x000000001a1fc800 Exception <a 'java/lang/ClassNotFoundException': org/gradle/api/internal/artifacts/dsl/dependencies/DefaultDependencyHandler_DecoratedCustomizer> (0x00000000e18977d8) thrown at [D:\src\AOSP-openjdk-cygwin\jdk8u\hotspot\src\share\vm\classfile\systemDiction
Event: 20.175 Thread 0x000000001a1fc800 Exception <a 'java/lang/ClassNotFoundException': build_4fhusj23o4l94wa7ac3rq0ku0BeanInfo> (0x00000000e03ac9c0) thrown at [D:\src\AOSP-openjdk-cygwin\jdk8u\hotspot\src\share\vm\classfile\systemDictionary.cpp, line 210]
Event: 20.175 Thread 0x000000001a1fc800 Exception <a 'java/lang/ClassNotFoundException': build_4fhusj23o4l94wa7ac3rq0ku0Customizer> (0x00000000e03b7690) thrown at [D:\src\AOSP-openjdk-cygwin\jdk8u\hotspot\src\share\vm\classfile\systemDictionary.cpp, line 210]

Events (10 events):
Event: 20.205 loading class groovy/runtime/metaclass/build_4fhusj23o4l94wa7ac3rq0ku0$_run_closure1MetaClass
Event: 20.205 loading class groovy/runtime/metaclass/build_4fhusj23o4l94wa7ac3rq0ku0$_run_closure1MetaClass done
Event: 20.206 loading class groovy/runtime/metaclass/org/gradle/api/internal/project/DefaultProject_DecoratedMetaClass
Event: 20.206 loading class groovy/runtime/metaclass/org/gradle/api/internal/project/DefaultProject_DecoratedMetaClass done
Event: 20.208 loading class org/gradle/api/internal/project/DefaultProject_DecoratedBeanInfo
Event: 20.208 loading class org/gradle/api/internal/project/DefaultProject_DecoratedBeanInfo done
Event: 20.208 loading class org/gradle/api/internal/project/DefaultProject_DecoratedBeanInfo
Event: 20.208 loading class org/gradle/api/internal/project/DefaultProject_DecoratedBeanInfo done
Event: 20.208 loading class org/gradle/api/internal/project/DefaultProject_DecoratedBeanInfo
Event: 20.208 loading class org/gradle/api/internal/project/DefaultProject_DecoratedBeanInfo done


Dynamic libraries:
0x00007ff624f60000 - 0x00007ff624f91000 	C:\Program Files\Android\Android Studio\jre\bin\java.exe
0x00007ffff8760000 - 0x00007ffff894d000 	C:\Windows\SYSTEM32\ntdll.dll
0x00007ffff5990000 - 0x00007ffff5a43000 	C:\Windows\System32\KERNEL32.DLL
0x00007ffff4960000 - 0x00007ffff4bf3000 	C:\Windows\System32\KERNELBASE.dll
0x00007ffff5db0000 - 0x00007ffff5e53000 	C:\Windows\System32\ADVAPI32.dll
0x00007ffff7fa0000 - 0x00007ffff803e000 	C:\Windows\System32\msvcrt.dll
0x00007ffff7a70000 - 0x00007ffff7b0e000 	C:\Windows\System32\sechost.dll
0x00007ffff6450000 - 0x00007ffff6572000 	C:\Windows\System32\RPCRT4.dll
0x00007ffff81f0000 - 0x00007ffff8387000 	C:\Windows\System32\USER32.dll
0x00007ffff55b0000 - 0x00007ffff55d0000 	C:\Windows\System32\win32u.dll
0x00007ffff5d80000 - 0x00007ffff5da9000 	C:\Windows\System32\GDI32.dll
0x00007ffff4ca0000 - 0x00007ffff4e3a000 	C:\Windows\System32\gdi32full.dll
0x00007ffff4c00000 - 0x00007ffff4ca0000 	C:\Windows\System32\msvcp_win.dll
0x00007ffff5890000 - 0x00007ffff598a000 	C:\Windows\System32\ucrtbase.dll
0x00007fffe2320000 - 0x00007fffe2599000 	C:\Windows\WinSxS\amd64_microsoft.windows.common-controls_6595b64144ccf1df_6.0.17763.379_none_05b83be8071c94a1\COMCTL32.dll
0x00007ffff8390000 - 0x00007ffff86bd000 	C:\Windows\System32\combase.dll
0x00007ffff57b0000 - 0x00007ffff582e000 	C:\Windows\System32\bcryptPrimitives.dll
0x00007ffff8160000 - 0x00007ffff818e000 	C:\Windows\System32\IMM32.DLL
0x00000000550f0000 - 0x00000000551c2000 	C:\Program Files\Android\Android Studio\jre\jre\bin\msvcr100.dll
0x0000000055380000 - 0x0000000055bc1000 	C:\Program Files\Android\Android Studio\jre\jre\bin\server\jvm.dll
0x00007ffff8720000 - 0x00007ffff8728000 	C:\Windows\System32\PSAPI.DLL
0x00007fffe55d0000 - 0x00007fffe55d9000 	C:\Windows\SYSTEM32\WSOCK32.dll
0x00007ffff21f0000 - 0x00007ffff2214000 	C:\Windows\SYSTEM32\WINMM.dll
0x00007fffe64f0000 - 0x00007fffe64fa000 	C:\Windows\SYSTEM32\VERSION.dll
0x00007ffff8040000 - 0x00007ffff80ad000 	C:\Windows\System32\WS2_32.dll
0x00007ffff1c00000 - 0x00007ffff1c2d000 	C:\Windows\SYSTEM32\winmmbase.dll
0x00007ffff4830000 - 0x00007ffff487a000 	C:\Windows\System32\cfgmgr32.dll
0x00007ffff10b0000 - 0x00007ffff10bf000 	C:\Program Files\Android\Android Studio\jre\jre\bin\verify.dll
0x00007fffebe70000 - 0x00007fffebe99000 	C:\Program Files\Android\Android Studio\jre\jre\bin\java.dll
0x00007fffec5b0000 - 0x00007fffec5c6000 	C:\Program Files\Android\Android Studio\jre\jre\bin\zip.dll
0x00007ffff6580000 - 0x00007ffff7a70000 	C:\Windows\System32\SHELL32.dll
0x00007ffff5fa0000 - 0x00007ffff6048000 	C:\Windows\System32\shcore.dll
0x00007ffff4e60000 - 0x00007ffff55aa000 	C:\Windows\System32\windows.storage.dll
0x00007ffff4800000 - 0x00007ffff4824000 	C:\Windows\System32\profapi.dll
0x00007ffff4780000 - 0x00007ffff47dd000 	C:\Windows\System32\powrprof.dll
0x00007ffff5f30000 - 0x00007ffff5f82000 	C:\Windows\System32\shlwapi.dll
0x00007ffff4760000 - 0x00007ffff4771000 	C:\Windows\System32\kernel.appcore.dll
0x00007ffff4e40000 - 0x00007ffff4e57000 	C:\Windows\System32\cryptsp.dll
0x00007fffebdd0000 - 0x00007fffebdea000 	C:\Program Files\Android\Android Studio\jre\jre\bin\net.dll
0x00007ffff3fe0000 - 0x00007ffff4047000 	C:\Windows\system32\mswsock.dll
0x00007fffebdb0000 - 0x00007fffebdc1000 	C:\Program Files\Android\Android Studio\jre\jre\bin\nio.dll
0x00007fffebec0000 - 0x00007fffebede000 	C:\Users\ADN\.gradle\native\25\windows-amd64\native-platform.dll
0x00007ffff1080000 - 0x00007ffff108d000 	C:\Program Files\Android\Android Studio\jre\jre\bin\management.dll
0x00007ffff3ba0000 - 0x00007ffff3bd3000 	C:\Windows\system32\rsaenh.dll
0x00007ffff4880000 - 0x00007ffff48a6000 	C:\Windows\System32\bcrypt.dll
0x00007ffff4690000 - 0x00007ffff46b8000 	C:\Windows\SYSTEM32\USERENV.dll
0x00007ffff41b0000 - 0x00007ffff41bc000 	C:\Windows\SYSTEM32\CRYPTBASE.dll
0x00007ffff3d40000 - 0x00007ffff3d7d000 	C:\Windows\SYSTEM32\IPHLPAPI.DLL
0x00007ffff7f90000 - 0x00007ffff7f98000 	C:\Windows\System32\NSI.dll
0x00007fffeebf0000 - 0x00007fffeec06000 	C:\Windows\SYSTEM32\dhcpcsvc6.DLL
0x00007fffed650000 - 0x00007fffed66c000 	C:\Windows\SYSTEM32\dhcpcsvc.DLL
0x00007ffff3d80000 - 0x00007ffff3e46000 	C:\Windows\SYSTEM32\DNSAPI.dll

VM Arguments:
jvm_args: -Xmx1536m -Dfile.encoding=windows-1252 -Duser.country=US -Duser.language=en -Duser.variant 
java_command: org.gradle.launcher.daemon.bootstrap.GradleDaemon 4.10.1
java_class_path (initial): C:\Users\ADN\.gradle\wrapper\dists\gradle-4.10.1-all\455itskqi2qtf0v2sja68alqd\gradle-4.10.1\lib\gradle-launcher-4.10.1.jar
Launcher Type: SUN_STANDARD

Environment Variables:
PATH=C:\ProgramData\Oracle\Java\javapath;C:\Windows\system32;C:\Windows;C:\Windows\System32\Wbem;C:\Windows\System32\WindowsPowerShell\v1.0\;C:\Windows\System32\OpenSSH\;C:\Program Files (x86)\Brackets\command;C:\Program Files\Common Files\Autodesk Shared\;C:\Program Files (x86)\Autodesk\Backburner\;C:\Program Files\Git\cmd;C:\Program Files\PuTTY\;C:\Users\ADN\AppData\Local\Microsoft\WindowsApps;
USERNAME=ADN
OS=Windows_NT
PROCESSOR_IDENTIFIER=Intel64 Family 6 Model 158 Stepping 9, GenuineIntel



---------------  S Y S T E M  ---------------

OS: Windows 10.0 , 64 bit Build 17763 (10.0.17763.379)

CPU:total 8 (initial active 8) (4 cores per cpu, 2 threads per core) family 6 model 158 stepping 9, cmov, cx8, fxsr, mmx, sse, sse2, sse3, ssse3, sse4.1, sse4.2, popcnt, avx, avx2, aes, clmul, erms, rtm, 3dnowpref, lzcnt, ht, tsc, tscinvbit, bmi1, bmi2, adx

Memory: 4k page, physical 8281300k(2403280k free), swap 33447124k(5324k free)

vm_info: OpenJDK 64-Bit Server VM (25.152-b01) for windows-amd64 JRE (1.8.0_152-release-1248-b01), built by "builder" with MS VC++ 10.0 (VS2010)

time: Mon Apr 08 14:54:05 2019
elapsed time: 20 seconds (0d 0h 0m 20s)

